[WARN] [2025-08-23T10:56:22.116Z] IP: ::1, Method: POST, URL: /api/login, Status: 422, Time: 14ms
[ERROR] [2025-08-23T11:00:21.840Z] Uncaught Exception: ReferenceError: routeTypes is not defined
    at RouteServiceProvider.getGlobalMiddlewares (C:\Users\DELL\Desktop\NodeJS_Project\app\providers\RouteServiceProvider.js:52:9)
    at RouteServiceProvider.applyGlobalMiddlewares (C:\Users\DELL\Desktop\NodeJS_Project\app\providers\RouteServiceProvider.js:70:31)
    at RouteServiceProvider.loadRoutes (C:\Users\DELL\Desktop\NodeJS_Project\app\providers\RouteServiceProvider.js:89:14)
    at Object.<anonymous> (C:\Users\DELL\Desktop\NodeJS_Project\app\providers\RouteServiceProvider.js:112:39)
    at Module._compile (node:internal/modules/cjs/loader:1730:14)
    at Object..js (node:internal/modules/cjs/loader:1895:10)
    at Module.load (node:internal/modules/cjs/loader:1465:32)
    at Function._load (node:internal/modules/cjs/loader:1282:12)
    at TracingChannel.traceSync (node:diagnostics_channel:322:14)
    at wrapModuleLoad (node:internal/modules/cjs/loader:235:24)
[ERROR] [2025-08-23T11:00:57.547Z] Uncaught Exception: ReferenceError: middlewaress is not defined
    at RouteServiceProvider.getGlobalMiddlewares (C:\Users\DELL\Desktop\NodeJS_Project\app\providers\RouteServiceProvider.js:60:9)
    at RouteServiceProvider.applyGlobalMiddlewares (C:\Users\DELL\Desktop\NodeJS_Project\app\providers\RouteServiceProvider.js:70:31)
    at RouteServiceProvider.loadRoutes (C:\Users\DELL\Desktop\NodeJS_Project\app\providers\RouteServiceProvider.js:89:14)
    at Object.<anonymous> (C:\Users\DELL\Desktop\NodeJS_Project\app\providers\RouteServiceProvider.js:112:39)
    at Module._compile (node:internal/modules/cjs/loader:1730:14)
    at Object..js (node:internal/modules/cjs/loader:1895:10)
    at Module.load (node:internal/modules/cjs/loader:1465:32)
    at Function._load (node:internal/modules/cjs/loader:1282:12)
    at TracingChannel.traceSync (node:diagnostics_channel:322:14)
    at wrapModuleLoad (node:internal/modules/cjs/loader:235:24)
[INFO] [2025-08-23T11:01:44.070Z] IP: ::1, Method: GET, URL: /home, Status: 200, Time: 48ms
[ERROR] [2025-08-23T11:10:26.167Z] Uncaught Exception: ReferenceError: s is not defined
    at RouteServiceProvider.getGlobalMiddlewares (C:\Users\DELL\Desktop\NodeJS_Project\app\providers\RouteServiceProvider.js:52:35)
    at RouteServiceProvider.applyGlobalMiddlewares (C:\Users\DELL\Desktop\NodeJS_Project\app\providers\RouteServiceProvider.js:70:31)
    at RouteServiceProvider.loadRoutes (C:\Users\DELL\Desktop\NodeJS_Project\app\providers\RouteServiceProvider.js:89:14)
    at Object.<anonymous> (C:\Users\DELL\Desktop\NodeJS_Project\app\providers\RouteServiceProvider.js:112:39)
    at Module._compile (node:internal/modules/cjs/loader:1730:14)
    at Object..js (node:internal/modules/cjs/loader:1895:10)
    at Module.load (node:internal/modules/cjs/loader:1465:32)
    at Function._load (node:internal/modules/cjs/loader:1282:12)
    at TracingChannel.traceSync (node:diagnostics_channel:322:14)
    at wrapModuleLoad (node:internal/modules/cjs/loader:235:24)
[INFO] [2025-08-23T11:13:03.148Z] IP: ::1, Method: GET, URL: /home, Status: 200, Time: 48ms
[WARN] [2025-08-23T11:13:14.971Z] IP: ::1, Method: POST, URL: /api/login, Status: 422, Time: 8ms
